<?xml version="1.0" encoding="UTF-8"?>
<!-- Generated by org.testng.reporters.JUnitReportReporter -->
<testsuite hostname="M012006CGY" failures="0" tests="1" name="com.webappsecurity.zero.testscripts.VerifyFundTransferTest" time="10.830" errors="0" timestamp="2022-09-02T15:24:25 MDT" skipped="0">
  <testcase classname="com.webappsecurity.zero.testscripts.VerifyFundTransferTest" name="VerifyTransferFund" time="10.830"/>
  <system-out/>
</testsuite> <!-- com.webappsecurity.zero.testscripts.VerifyFundTransferTest -->
